2025-05-18 22:56:15, info, Vegetables found
2025-05-18 22:56:15, info, Vegetables found
2025-05-18 22:56:36, info, successfully login
2025-05-18 22:56:52, info, Filters applied and vegetables found
2025-05-18 22:56:56, info, Filters applied and vegetables found
2025-05-18 22:56:56, info, Filters applied and vegetables found
2025-05-18 22:57:33, info, Vegetables added
2025-05-18 22:57:37, info, Filters applied and vegetables found
2025-05-18 22:57:41, info, Filters applied and vegetables found
2025-05-18 22:57:48, info, Filters applied and vegetables found
2025-05-18 22:57:51, info, Filters applied and vegetables found
2025-05-18 22:58:00, info, Vegetables removed successfully
2025-05-18 22:58:04, info, Filters applied and vegetables found
2025-05-18 22:58:43, info, Vegetables found
2025-05-18 22:58:43, info, Vegetables found
2025-05-18 22:58:46, info, Vegetables found
2025-05-18 22:58:46, info, Vegetables found
2025-05-18 22:58:48, info, Signout successfully
2025-05-18 22:59:00, info, successfully login
2025-05-18 22:59:10, info, got Farmer list 
2025-05-18 22:59:10, info, Filters applied and vegetables found
2025-05-18 22:59:22, info, Vegetables found
2025-05-18 22:59:22, info, Vegetables found
2025-05-18 22:59:27, info, got Farmer list 
2025-05-18 22:59:27, info, Filters applied and vegetables found
2025-05-18 22:59:37, info, Vegetables found
2025-05-18 22:59:37, info, Vegetables found
2025-05-18 22:59:47, info, Signout successfully
2025-05-25 10:59:43, info, Vegetables found
2025-05-25 10:59:43, info, Vegetables found
2025-05-25 11:00:22, info, Filters applied and vegetables found
2025-05-25 11:00:26, info, Filters applied and vegetables found
2025-05-25 12:02:29, info, Signout successfully
2025-05-25 12:02:33, info, Vegetables found
2025-05-25 19:00:30, info, Vegetables found
2025-05-25 19:00:30, info, Vegetables found
2025-05-26 12:35:19, info, Vegetables found
2025-05-26 12:35:19, info, Vegetables found
2025-05-26 12:35:42, info, successfully login
2025-05-26 12:37:12, info, Vegetables found
2025-05-26 12:37:13, info, Vegetables found
2025-05-26 12:37:15, info, Vegetables found
2025-05-26 12:37:15, info, Vegetables found
2025-05-26 12:37:25, info, Signout successfully
2025-05-26 12:37:26, info, Vegetables found
2025-05-26 12:37:26, info, Vegetables found
2025-05-26 12:37:54, info, successfully signed up
2025-05-26 12:38:09, info, successfully login
2025-05-26 12:38:59, info, Filters applied and vegetables found
2025-05-26 12:39:00, info, Filters applied and vegetables found
2025-05-26 12:39:02, info, Filters applied and vegetables found
2025-05-26 12:39:03, info, Filters applied and vegetables found
2025-05-26 12:39:03, info, Filters applied and vegetables found
2025-05-26 12:39:31, info, Vegetables added
2025-05-26 12:39:35, info, Filters applied and vegetables found
2025-05-26 12:39:37, info, Filters applied and vegetables found
2025-05-26 12:39:39, info, Filters applied and vegetables found
2025-05-26 12:39:42, info, Filters applied and vegetables found
2025-05-26 12:39:49, info, Filters applied and vegetables found
2025-05-26 12:39:51, info, Filters applied and vegetables found
2025-05-26 12:40:09, info, Signout successfully
2025-05-26 12:40:09, info, Vegetables found
2025-05-26 12:40:09, info, Vegetables found
2025-05-26 12:40:33, info, successfully signed up
2025-05-26 12:40:50, info, successfully login
2025-05-26 12:41:20, info, got Farmer list 
2025-05-26 12:41:20, info, Filters applied and vegetables found
2025-05-26 12:41:26, info, got Farmer list 
2025-05-26 12:41:26, info, Filters applied and vegetables found
2025-05-26 12:41:32, info, Filters applied and vegetables found
2025-05-26 12:41:34, info, Filters applied and vegetables found
2025-05-26 12:41:43, info, got Farmer list 
2025-05-26 12:41:43, info, Filters applied and vegetables found
2025-05-26 12:42:17, info, Signout successfully
2025-05-26 12:42:18, info, Vegetables found
2025-05-26 12:42:18, info, Vegetables found
2025-06-30 15:37:40, info, Vegetables found
2025-06-30 15:37:40, info, Vegetables found
2025-06-30 15:38:02, info, Signout successfully
2025-06-30 15:39:06, info, successfully signed up
2025-06-30 15:39:26, info, successfully login
2025-06-30 15:40:44, info, Filters applied and vegetables found
2025-06-30 15:40:47, info, Filters applied and vegetables found
2025-06-30 15:40:55, info, Filters applied and vegetables found
2025-06-30 15:40:57, info, Filters applied and vegetables found
2025-06-30 15:40:58, info, Filters applied and vegetables found
2025-06-30 15:41:07, info, Filters applied and vegetables found
2025-06-30 15:41:08, info, Filters applied and vegetables found
2025-06-30 15:41:10, info, Filters applied and vegetables found
2025-06-30 15:41:10, info, Filters applied and vegetables found
2025-06-30 15:41:11, info, Filters applied and vegetables found
2025-06-30 15:41:11, info, Filters applied and vegetables found
2025-06-30 15:41:13, info, Filters applied and vegetables found
2025-06-30 15:41:14, info, Filters applied and vegetables found
2025-06-30 15:41:15, info, Filters applied and vegetables found
2025-06-30 15:41:20, info, Filters applied and vegetables found
2025-06-30 15:51:35, info, Vegetables added
2025-06-30 15:51:40, info, Filters applied and vegetables found
2025-06-30 15:51:43, info, Filters applied and vegetables found
2025-06-30 16:07:54, info, Vegetables found
2025-06-30 16:07:54, info, Vegetables found
2025-06-30 16:08:01, info, Signout successfully
2025-06-30 16:08:43, info, successfully signed up
2025-06-30 16:08:59, info, successfully login
2025-06-30 16:09:12, info, got Farmer list 
2025-06-30 16:09:12, info, Filters applied and vegetables found
2025-06-30 16:10:18, info, got Farmer list 
2025-06-30 16:10:18, info, Filters applied and vegetables found
2025-06-30 16:10:27, info, Vegetables found
2025-06-30 16:10:27, info, Vegetables found
2025-07-02 00:04:20, info, Vegetables found
2025-07-02 00:04:20, info, Vegetables found
2025-07-02 00:04:28, info, Signout successfully
2025-07-02 00:04:29, info, Vegetables found
2025-07-02 00:04:29, info, Vegetables found
2025-07-02 00:05:20, info, successfully signed up
2025-07-02 00:05:29, info, successfully login
2025-07-02 00:05:50, info, Filters applied and vegetables found
2025-07-02 00:05:52, info, Filters applied and vegetables found
2025-07-02 00:06:21, info, Vegetables added
2025-07-02 00:06:42, info, Filters applied and vegetables found
2025-07-02 00:06:45, info, Filters applied and vegetables found
2025-07-02 00:30:36, info, Vegetables found
2025-07-02 00:30:36, info, Vegetables found
2025-07-02 00:30:46, info, Signout successfully
2025-07-02 00:31:17, info, successfully login
2025-07-02 00:31:54, info, Filters applied and vegetables found
2025-07-02 00:31:57, info, Filters applied and vegetables found
2025-07-02 00:32:02, info, Filters applied and vegetables found
2025-07-02 00:32:09, info, Vegetables found
2025-07-02 00:32:09, info, Vegetables found
2025-07-02 00:32:11, info, Signout successfully
2025-07-02 00:38:04, info, Vegetables found
2025-07-02 00:38:04, info, Vegetables found
2025-07-02 00:38:42, info, successfully signed up
2025-07-02 00:38:53, info, successfully login
2025-07-02 00:39:20, info, Filters applied and vegetables found
2025-07-02 09:36:01, info, Vegetables found
2025-07-02 09:36:01, info, Vegetables found
2025-07-02 09:36:16, info, Signout successfully
2025-07-02 09:43:34, info, successfully signed up
2025-07-02 09:43:46, info, successfully login
2025-07-02 09:45:26, info, Vegetables added
2025-07-02 09:45:30, info, Filters applied and vegetables found
2025-07-02 09:45:33, info, Filters applied and vegetables found
2025-07-02 09:45:56, info, Filters applied and vegetables found
2025-07-02 09:45:58, info, Filters applied and vegetables found
2025-07-02 09:46:02, info, Vegetables removed successfully
2025-07-02 09:46:07, info, Filters applied and vegetables found
2025-07-02 09:46:09, info, Filters applied and vegetables found
2025-07-02 09:46:48, info, Signout successfully
2025-07-02 09:46:49, info, Vegetables found
2025-07-02 09:46:49, info, Vegetables found
2025-07-02 09:47:27, info, successfully signed up
2025-07-02 09:47:38, info, successfully login
2025-07-02 09:48:09, info, got Farmer list 
2025-07-02 09:48:09, info, Filters applied and vegetables found
2025-07-02 10:33:38, info, Vegetables found
2025-07-02 10:33:38, info, Vegetables found
2025-07-02 10:33:41, info, Signout successfully
2025-07-02 12:45:35, info, Vegetables found
2025-07-02 12:45:35, info, Vegetables found
2025-07-02 12:45:40, info, Vegetables found
2025-07-02 12:45:40, info, Vegetables found
2025-07-02 12:46:57, info, successfully signed up
2025-07-02 12:47:15, info, successfully login
2025-07-22 17:28:07, info, Vegetables found
2025-07-22 17:28:07, info, Vegetables found
2025-07-22 17:28:16, info, Vegetables found
2025-07-22 17:28:16, info, Vegetables found
2025-07-22 17:28:45, info, Vegetables found
2025-07-22 17:28:45, info, Vegetables found
2025-07-22 22:25:10, info, Vegetables found
2025-07-22 22:25:10, info, Vegetables found
2025-07-22 22:25:12, info, Signout successfully
2025-07-22 22:25:43, info, successfully signed up
2025-07-22 22:26:01, info, successfully login
2025-07-22 22:26:09, info, Filters applied and vegetables found
2025-07-23 10:48:30, info, Vegetables found
2025-07-23 10:48:30, info, Vegetables found
2025-07-23 10:50:50, info, successfully login
2025-07-23 10:51:10, info, Filters applied and vegetables found
2025-07-23 10:51:11, info, Filters applied and vegetables found
2025-07-23 10:51:45, info, Vegetables added
2025-07-23 10:51:51, info, Filters applied and vegetables found
2025-07-23 10:51:52, info, Filters applied and vegetables found
2025-07-23 11:26:39, info, Vegetables found
2025-07-23 11:26:39, info, Vegetables found
2025-07-23 11:28:44, info, successfully signed up
2025-07-23 11:29:08, info, successfully login
2025-07-23 11:32:17, info, Filters applied and vegetables found
2025-07-23 11:32:20, info, Filters applied and vegetables found
2025-07-23 11:32:21, info, Filters applied and vegetables found
2025-07-23 11:32:22, info, Filters applied and vegetables found
2025-07-23 11:32:26, info, Filters applied and vegetables found
2025-07-23 11:32:29, info, Filters applied and vegetables found
2025-07-23 11:32:29, info, Filters applied and vegetables found
2025-07-23 11:32:30, info, Filters applied and vegetables found
2025-07-23 11:32:34, info, Filters applied and vegetables found
2025-07-23 11:32:45, info, Filters applied and vegetables found
2025-07-23 11:32:53, info, Filters applied and vegetables found
2025-07-23 11:32:54, info, Filters applied and vegetables found
2025-07-23 11:32:55, info, Filters applied and vegetables found
2025-07-23 11:32:57, info, Filters applied and vegetables found
2025-07-23 11:32:57, info, Filters applied and vegetables found
2025-07-23 11:32:57, info, Filters applied and vegetables found
2025-07-23 11:32:58, info, Filters applied and vegetables found
2025-07-23 11:33:02, info, Filters applied and vegetables found
2025-07-23 11:33:05, info, Filters applied and vegetables found
2025-07-23 11:33:06, info, Filters applied and vegetables found
2025-07-23 11:33:09, info, Filters applied and vegetables found
2025-07-23 11:33:10, info, Filters applied and vegetables found
2025-07-23 11:33:11, info, Filters applied and vegetables found
2025-07-23 11:33:12, info, Filters applied and vegetables found
2025-07-23 11:33:13, info, Filters applied and vegetables found
2025-07-23 11:33:17, info, Filters applied and vegetables found
2025-07-23 11:33:18, info, Filters applied and vegetables found
2025-07-23 11:33:19, info, Filters applied and vegetables found
2025-07-23 11:33:21, info, Filters applied and vegetables found
2025-07-23 11:33:22, info, Filters applied and vegetables found
2025-07-23 11:33:22, info, Filters applied and vegetables found
2025-07-23 11:33:22, info, Filters applied and vegetables found
2025-07-23 11:33:23, info, Filters applied and vegetables found
2025-07-23 11:33:33, info, Filters applied and vegetables found
2025-07-23 11:33:34, info, Filters applied and vegetables found
2025-07-23 11:33:34, info, Filters applied and vegetables found
2025-07-23 11:33:34, info, Filters applied and vegetables found
2025-07-23 11:33:35, info, Filters applied and vegetables found
2025-07-23 11:33:45, info, Filters applied and vegetables found
2025-07-23 11:33:49, info, Filters applied and vegetables found
2025-07-23 11:33:53, info, Filters applied and vegetables found
2025-07-23 11:33:55, info, Filters applied and vegetables found
2025-07-23 11:33:57, info, Filters applied and vegetables found
2025-07-23 11:33:58, info, Filters applied and vegetables found
2025-07-23 11:33:59, info, Filters applied and vegetables found
2025-07-23 11:34:00, info, Filters applied and vegetables found
2025-07-23 11:34:00, info, Filters applied and vegetables found
2025-07-23 11:34:02, info, Filters applied and vegetables found
2025-07-23 11:34:03, info, Filters applied and vegetables found
2025-07-23 11:34:04, info, Filters applied and vegetables found
2025-07-23 11:34:06, info, Filters applied and vegetables found
2025-07-23 11:34:09, info, Filters applied and vegetables found
2025-07-23 11:35:18, info, Signout successfully
2025-07-23 11:35:18, info, Vegetables found
2025-07-23 11:35:18, info, Vegetables found
2025-07-23 11:35:39, info, successfully login
2025-07-23 11:36:17, info, Vegetables added
2025-07-23 11:37:23, info, Filters applied and vegetables found
2025-07-23 11:37:25, info, Filters applied and vegetables found
2025-07-23 11:37:40, info, Filters applied and vegetables found
2025-07-23 11:38:20, info, Filters applied and vegetables found
2025-07-23 11:38:23, info, Filters applied and vegetables found
2025-07-23 11:38:25, info, Vegetables removed successfully
2025-07-23 11:38:35, info, Filters applied and vegetables found
2025-07-23 11:38:38, info, Filters applied and vegetables found
2025-07-23 11:38:46, info, Filters applied and vegetables found
2025-07-23 11:38:50, info, Filters applied and vegetables found
2025-07-23 11:39:07, info, Signout successfully
2025-07-23 11:39:08, info, Vegetables found
2025-07-23 11:39:08, info, Vegetables found
2025-07-23 11:39:50, info, successfully signed up
2025-07-23 11:40:15, info, successfully login
2025-07-23 11:40:50, info, got Farmer list 
2025-07-23 11:40:50, info, Filters applied and vegetables found
2025-07-23 11:41:11, info, got Farmer list 
2025-07-23 11:41:11, info, Filters applied and vegetables found
2025-07-23 11:41:39, info, Vegetables found
2025-07-23 11:41:39, info, Vegetables found
2025-07-23 11:42:39, info, got Farmer list 
2025-07-23 11:42:39, info, Filters applied and vegetables found
